prefix: 2025/05/30 13:47:11 Конфигурационный файл считан
prefix: 2025/05/30 13:47:12 Ошибка подключения к БД: dial tcp [::1]:6379: connectex: No connection could be made because the target machine actively refused it.
prefix: 2025/05/30 14:45:33 Конфигурационный файл считан
prefix: 2025/05/30 14:45:33 Успешное подключение к БД
prefix: 2025/05/30 14:46:18 Конфигурационный файл считан
prefix: 2025/05/30 14:46:18 Успешное подключение к БД
prefix: 2025/05/30 14:46:26 Конфигурационный файл считан
prefix: 2025/05/30 14:46:26 Успешное подключение к БД
prefix: 2025/05/30 14:48:42 Конфигурационный файл считан
prefix: 2025/05/30 14:48:42 Успешное подключение к БД
prefix: 2025/05/30 14:49:39 Конфигурационный файл считан
prefix: 2025/05/30 14:49:39 Успешное подключение к БД
prefix: 2025/05/30 14:59:00 Конфигурационный файл считан
prefix: 2025/05/30 14:59:00 Успешное подключение к БД
prefix: 2025/05/30 15:27:34 Конфигурационный файл считан
prefix: 2025/05/30 15:27:34 Успешное подключение к БД c 1 попытки
prefix: 2025/05/30 15:29:48 Конфигурационный файл считан
prefix: 2025/05/30 15:30:08 Не удалось подключиться к БД: dial tcp [::1]:6379: connectex: No connection could be made because the target machine actively refused it. 5
prefix: 2025/05/30 15:31:08 Конфигурационный файл считан
prefix: 2025/05/30 15:31:13 Успешное подключение к БД c 2 попытки
